Arguments: 
  /home/paul/.nvm/versions/node/v9.4.0/bin/node /home/paul/.nvm/versions/node/v9.4.0/bin/yarn run cypress open

PATH: 
  /opt/firefox/firefox:/home/paul/.nvm/versions/node/v9.4.0/bin:/usr/local/sbin:/usr/local/bin:/usr/sbin:/usr/bin:/sbin:/bin:/usr/games:/usr/local/games:/snap/bin:/home/paul/.dotnet/tools:/usr/lib/jvm/java-17-oracle/bin:/usr/lib/jvm/java-17-oracle/db/bin:/home/paul/.dotnet/tools:/usr/lib/jvm/java-17-oracle/bin:/usr/lib/jvm/java-17-oracle/db/bin:/opt/mssql-tools/bin:/opt/mssql-tools/bin:~/sqlops-linux-x64:/opt/mssql-tools/bin

Yarn version: 
  1.5.1

Node version: 
  9.4.0

Platform: 
  linux x64

npm manifest: 
  {
    "name": "system-tester-interview",
    "version": "1.0.0",
    "description": "sahl system tester interview",
    "main": "index.js",
    "dependencies": {},
    "devDependencies": {
      "cypress": "^9.1.0",
      "eslint-plugin-cypress": "^2.12.1"
    },
    "scripts": {
      "test": "test"
    },
    "repository": {
      "type": "git",
      "url": "git+https://github.com/PaulCluver/sahl-tester-interview.git"
    },
    "author": "Paul Cluver",
    "license": "ISC",
    "bugs": {
      "url": "https://github.com/PaulCluver/sahl-tester-interview/issues"
    },
    "homepage": "https://github.com/PaulCluver/sahl-tester-interview#readme",
    "engines": {
      "node" : "12.16.1"
    }
  }

yarn manifest: 
  No manifest

Lockfile: 
  No lockfile

Trace: 
  Error: Command failed.
  Exit code: 1
  Command: sh
  Arguments: -c /media/paul/Data/Work/system-tester-interview/node_modules/.bin/cypress open
  Directory: /media/paul/Data/Work/system-tester-interview
  Output:
  
      at ProcessTermError.MessageError (/home/paul/.nvm/versions/node/v9.4.0/lib/node_modules/yarn/lib/cli.js:186:110)
      at new ProcessTermError (/home/paul/.nvm/versions/node/v9.4.0/lib/node_modules/yarn/lib/cli.js:226:113)
      at ChildProcess.<anonymous> (/home/paul/.nvm/versions/node/v9.4.0/lib/node_modules/yarn/lib/cli.js:30281:17)
      at ChildProcess.emit (events.js:160:13)
      at maybeClose (internal/child_process.js:943:16)
      at Process.ChildProcess._handle.onexit (internal/child_process.js:220:5)
